<?xml version="1.0" encoding="UTF-8"?>
<!-- Generated by org.testng.reporters.JUnitReportReporter -->
<testsuite skipped="1" hostname="GGKU3DELL1099" name="sales.crm.VerifyShowHide" tests="1" failures="0" timestamp="08 Aug 2019 07:50:55 GMT" time="0.000" errors="0">
  <testcase name="verifyingShowHide" time="0.000" classname="sales.crm.VerifyShowHide">
    <skipped/>
  </testcase> <!-- verifyingShowHide -->
</testsuite> <!-- sales.crm.VerifyShowHide -->
