<?xml version="1.0" encoding="UTF-8"?>
<!-- Generated by org.testng.reporters.JUnitReportReporter -->
<testsuite skipped="0" hostname="GGKU3DELL1099" name="Practice.Framework.DataBaseExample" tests="1" failures="0" timestamp="26 Aug 2019 10:06:30 GMT" time="0.846" errors="0">
  <testcase name="Connection" time="0.846" classname="Practice.Framework.DataBaseExample"/>
</testsuite> <!-- Practice.Framework.DataBaseExample -->
