<?xml version="1.0" encoding="UTF-8"?>
<!-- Generated by org.testng.reporters.JUnitReportReporter -->
<testsuite skipped="0" hostname="GGKU3DELL1099" name="Practice.Framework.NewTest" tests="5" failures="0" timestamp="19 Aug 2019 13:19:36 GMT" time="4.362" errors="0">
  <testcase name="NegativePriority" time="0.005" classname="Practice.Framework.NewTest"/>
  <testcase name="Practice" time="4.352" classname="Practice.Framework.NewTest"/>
  <testcase name="DataProviderExample" time="0.002" classname="Practice.Framework.NewTest"/>
  <testcase name="DataProviderExample" time="0.001" classname="Practice.Framework.NewTest"/>
  <testcase name="DataProviderExample" time="0.002" classname="Practice.Framework.NewTest"/>
</testsuite> <!-- Practice.Framework.NewTest -->
