<?xml version="1.0" encoding="UTF-8"?>
<!-- Generated by org.testng.reporters.JUnitReportReporter -->
<testsuite skipped="0" hostname="GGKU3DELL1099" name="Practice.Framework.TestNGMethodsTestThree" tests="1" failures="0" timestamp="20 Aug 2019 05:58:11 GMT" time="0.006" errors="0">
  <testcase name="TestMethodH" time="0.006" classname="Practice.Framework.TestNGMethodsTestThree"/>
</testsuite> <!-- Practice.Framework.TestNGMethodsTestThree -->
