<?xml version="1.0" encoding="UTF-8"?>
<!-- Generated by org.testng.reporters.JUnitReportReporter -->
<testsuite skipped="1" hostname="GGKU3DELL1099" name="Practice.Framework.IgnoreTests" tests="3" failures="0" timestamp="20 Aug 2019 07:52:27 GMT" time="0.018" errors="0">
  <testcase name="test3" time="0.003" classname="Practice.Framework.IgnoreTests"/>
  <testcase name="test1" time="0.015" classname="Practice.Framework.IgnoreTests"/>
  <testcase name="test2" classname="Practice.Framework.IgnoreTests">
    <skipped/>
  </testcase> <!-- test2 -->
</testsuite> <!-- Practice.Framework.IgnoreTests -->
