<?xml version="1.0" encoding="UTF-8"?>
<!-- Generated by org.testng.reporters.JUnitReportReporter -->
<testsuite skipped="0" hostname="GGKU3DELL1099" name="Practice.Framework.NewTest" tests="7" failures="0" timestamp="27 Aug 2019 06:45:47 GMT" time="6.358" errors="0">
  <testcase name="NegativePriority" time="0.015" classname="Practice.Framework.NewTest"/>
  <testcase name="DataBasetest" time="0.106" classname="Practice.Framework.NewTest"/>
  <testcase name="Practice" time="3.209" classname="Practice.Framework.NewTest"/>
  <testcase name="Frames" time="3.023" classname="Practice.Framework.NewTest"/>
  <testcase name="DataProviderExample" time="0.002" classname="Practice.Framework.NewTest"/>
  <testcase name="DataProviderExample" time="0.002" classname="Practice.Framework.NewTest"/>
  <testcase name="DataProviderExample" time="0.001" classname="Practice.Framework.NewTest"/>
</testsuite> <!-- Practice.Framework.NewTest -->
